C51 COMPILER V9.59.0.0   DELAYMS                                                           06/02/2024 22:12:18 PAGE 1   


C51 COMPILER V9.59.0.0, COMPILATION OF MODULE DELAYMS
OBJECT MODULE PLACED IN .\Objects\Delayms.obj
COMPILER INVOKED BY: D:\KEIL\C51\BIN\C51.EXE Delayms.c OPTIMIZE(8,SPEED) BROWSE DEBUG OBJECTEXTEND PRINT(.\Listings\Dela
                    -yms.lst) TABS(2) OBJECT(.\Objects\Delayms.obj)

line level    source

   1          #include <STC12C5A60S2.H>
   2          #include "intrins.h"
   3          /**
   4             * @brief 11.0592MHz晶振延时函数
   5             * @param 延时长度
   6             * @retval 无
   7             */
   8          void Delayms(unsigned int ms)   
   9          {
  10   1        unsigned char data i, j;
  11   1        while(ms--)
  12   1        {
  13   2          _nop_();
  14   2          i = 11;
  15   2          j = 190;
  16   2          do
  17   2          {
  18   3            while (--j);
  19   3          } while (--i);
  20   2        }
  21   1      }


MODULE INFORMATION:   STATIC OVERLAYABLE
   CODE SIZE        =     22    ----
   CONSTANT SIZE    =   ----    ----
   XDATA SIZE       =   ----    ----
   PDATA SIZE       =   ----    ----
   DATA SIZE        =   ----    ----
   IDATA SIZE       =   ----    ----
   BIT SIZE         =   ----    ----
END OF MODULE INFORMATION.


C51 COMPILATION COMPLETE.  0 WARNING(S),  0 ERROR(S)
