C51 COMPILER V9.59.0.0   IAP                                                               06/02/2024 22:12:18 PAGE 1   


C51 COMPILER V9.59.0.0, COMPILATION OF MODULE IAP
OBJECT MODULE PLACED IN .\Objects\IAP.obj
COMPILER INVOKED BY: D:\KEIL\C51\BIN\C51.EXE IAP.c OPTIMIZE(8,SPEED) BROWSE DEBUG OBJECTEXTEND PRINT(.\Listings\IAP.lst)
                    - TABS(2) OBJECT(.\Objects\IAP.obj)

line level    source

   1          #include <STC12C5A60S2.H>
   2          #include "intrins.h"
   3          #include <stdio.h>  
   4          #define uchar unsigned char
   5          #define uint unsigned int
   6          #define CMD_IDLE 0     //IAP等待
   7          #define CMD_READ 1     //读flash
   8          #define CMD_PROGRAM  2   //写入
   9          #define CMD_ERASE 3    //擦除
  10          #define IAP_EN 0x83
  11          
  12          //使硬件或软件操作停止
  13          void iap_IDLE()
  14          {
  15   1        IAP_CONTR=0;  //禁止IAP读写擦除
  16   1        IAP_CMD=0;  //等待
  17   1        IAP_TRIG=0;  //命令未触发
  18   1        IAP_ADDRH=0x80;  //高位数据地址
  19   1        IAP_ADDRL=0;     //低位
  20   1      }
  21          //读取数据
  22          uchar iap_READ(uint addr)
  23          {   
  24   1        uchar datas;
  25   1        IAP_CONTR=IAP_EN; //控制允许位
  26   1        IAP_CMD=CMD_READ;   //写入读命令
  27   1        IAP_ADDRL=addr;  //自定义地址
  28   1        IAP_ADDRH=addr>>8;
  29   1        IAP_TRIG=0x5a;  //命令有效
  30   1        IAP_TRIG=0xa5;
  31   1        _nop_();
  32   1        datas=IAP_DATA;
  33   1        iap_IDLE();
  34   1        return datas;  //返回读出的数据
  35   1      }
  36          //写到某个地方
  37          void iap_PROGRAM(uint addr,uchar datas)
  38          {
  39   1        IAP_CONTR=IAP_EN;
  40   1        IAP_CMD=CMD_PROGRAM;
  41   1        IAP_ADDRL=addr;
  42   1        IAP_ADDRH=addr>>8;
  43   1        IAP_DATA=datas;
  44   1        IAP_TRIG=0x5a;
  45   1        IAP_TRIG=0xa5;
  46   1        _nop_();
  47   1        iap_IDLE();
  48   1      }
  49          //擦掉某个区域
  50          void iap_ERASE(uint addr)
  51          {
  52   1        IAP_CONTR=IAP_EN;
  53   1        IAP_CMD=CMD_ERASE;
  54   1        IAP_ADDRL=addr;
C51 COMPILER V9.59.0.0   IAP                                                               06/02/2024 22:12:18 PAGE 2   

  55   1        IAP_ADDRH=addr>>8;
  56   1        IAP_TRIG=0x5a;
  57   1        IAP_TRIG=0xa5;
  58   1        _nop_();
  59   1        iap_IDLE();
  60   1      }    


MODULE INFORMATION:   STATIC OVERLAYABLE
   CODE SIZE        =     77    ----
   CONSTANT SIZE    =   ----    ----
   XDATA SIZE       =   ----    ----
   PDATA SIZE       =   ----    ----
   DATA SIZE        =   ----    ----
   IDATA SIZE       =   ----    ----
   BIT SIZE         =   ----    ----
END OF MODULE INFORMATION.


C51 COMPILATION COMPLETE.  0 WARNING(S),  0 ERROR(S)
