C51 COMPILER V9.59.0.0   LIGHT                                                             06/01/2024 15:58:16 PAGE 1   


C51 COMPILER V9.59.0.0, COMPILATION OF MODULE LIGHT
OBJECT MODULE PLACED IN .\Objects\light.obj
COMPILER INVOKED BY: D:\KEIL\C51\BIN\C51.EXE light.c OPTIMIZE(8,SPEED) BROWSE DEBUG OBJECTEXTEND PRINT(.\Listings\light.
                    -lst) TABS(2) OBJECT(.\Objects\light.obj)

line level    source

   1          #include <STC12C5A60S2.H>
   2          /**
   3             * @brief 判断第一组灯的状态，并给第一组灯赋值
   4             * @param 第一组灯的倒数时间,第一组的绿、黄、红时间
   5             * @retval 无
   6             */


MODULE INFORMATION:   STATIC OVERLAYABLE
   CODE SIZE        =   ----    ----
   CONSTANT SIZE    =   ----    ----
   XDATA SIZE       =   ----    ----
   PDATA SIZE       =   ----    ----
   DATA SIZE        =   ----    ----
   IDATA SIZE       =   ----    ----
   BIT SIZE         =   ----    ----
END OF MODULE INFORMATION.


C51 COMPILATION COMPLETE.  0 WARNING(S),  0 ERROR(S)
