C51 COMPILER V9.59.0.0   TIM_SET                                                           06/02/2024 22:12:18 PAGE 1   


C51 COMPILER V9.59.0.0, COMPILATION OF MODULE TIM_SET
OBJECT MODULE PLACED IN .\Objects\TIM_set.obj
COMPILER INVOKED BY: D:\KEIL\C51\BIN\C51.EXE TIM_set.c OPTIMIZE(8,SPEED) BROWSE DEBUG OBJECTEXTEND PRINT(.\Listings\TIM_
                    -set.lst) TABS(2) OBJECT(.\Objects\TIM_set.obj)

line level    source

   1          #include <STC12C5A60S2.H>
   2          /**
   3             * @brief 定时器0设置，50毫秒@11.0592MHz
   4             * @param 无
   5             * @retval 无
   6             */
   7          void Timer0_Init(void)  
   8          {
   9   1        TMOD &= 0xF0;     
  10   1        TMOD |= 0x01;     
  11   1        TL0 = 0x00;       
  12   1        TH0 = 0x4C;       
  13   1        TF0 = 0;        
  14   1        TR0 = 1;        
  15   1        ET0=1;
  16   1      }


MODULE INFORMATION:   STATIC OVERLAYABLE
   CODE SIZE        =     19    ----
   CONSTANT SIZE    =   ----    ----
   XDATA SIZE       =   ----    ----
   PDATA SIZE       =   ----    ----
   DATA SIZE        =   ----    ----
   IDATA SIZE       =   ----    ----
   BIT SIZE         =   ----    ----
END OF MODULE INFORMATION.


C51 COMPILATION COMPLETE.  0 WARNING(S),  0 ERROR(S)
